<?xml version="1.0" encoding="UTF-8"?>
<!-- Generated by org.testng.reporters.JUnitReportReporter -->
<testsuite hostname="LAPTOP-86UL8ARL" failures="0" tests="1" name="com.runner.OpenMrsRunner" time="30.500" errors="0" timestamp="2024-11-22T19:35:14 IST" skipped="0">
  <testcase classname="com.runner.OpenMrsRunner" name="validLogin" time="30.500"/>
  <system-out/>
</testsuite> <!-- com.runner.OpenMrsRunner -->
