<?xml version="1.0" encoding="UTF-8"?>
<!-- Generated by org.testng.reporters.JUnitReportReporter -->
<testsuite hostname="LAPTOP-86UL8ARL" failures="0" tests="3" name="com.testng.SimpleAnnotations" time="0.070" errors="0" timestamp="2024-11-18T14:03:03 IST" skipped="0">
  <testcase classname="com.testng.SimpleAnnotations" name="kids" time="0.035"/>
  <system-out/>
  <testcase classname="com.testng.SimpleAnnotations" name="pants" time="0.026"/>
  <system-out/>
  <testcase classname="com.testng.SimpleAnnotations" name="shirts" time="0.009"/>
  <system-out/>
</testsuite> <!-- com.testng.SimpleAnnotations -->
