<?xml version="1.0" encoding="UTF-8"?>
<!-- Generated by org.testng.reporters.JUnitReportReporter -->
<testsuite hostname="LAPTOP-86UL8ARL" failures="1" tests="3" name="com.testng.CrossBrowserTesting" time="222.741" errors="0" timestamp="2024-11-18T14:03:03 IST" skipped="0">
  <testcase classname="com.testng.CrossBrowserTesting" name="firefoxBrowser" time="74.598">
    <failure message="ERROR DURING QUITING BROWSER" type="java.lang.AssertionError">
      <![CDATA[java.lang.AssertionError: ERROR DURING QUITING BROWSER
at org.junit.Assert.fail(Assert.java:89)
at com.baseclass.BaseClass.terminatebrow(BaseClass.java:70)
at com.testng.CrossBrowserTesting.firefoxBrowser(CrossBrowserTesting.java:35)
at java.base/jdk.internal.reflect.DirectMethodHandleAccessor.invoke(DirectMethodHandleAccessor.java:103)
at java.base/java.lang.reflect.Method.invoke(Method.java:580)
at org.testng.internal.MethodInvocationHelper.invokeMethod(MethodInvocationHelper.java:133)
at org.testng.internal.TestInvoker.invokeMethod(TestInvoker.java:598)
at org.testng.internal.TestInvoker.invokeTestMethod(TestInvoker.java:173)
at org.testng.internal.MethodRunner.runInSequence(MethodRunner.java:46)
at org.testng.internal.TestInvoker$MethodInvocationAgent.invoke(TestInvoker.java:824)
at org.testng.internal.TestInvoker.invokeTestMethods(TestInvoker.java:146)
at org.testng.internal.TestMethodWorker.invokeTestMethods(TestMethodWorker.java:146)
at org.testng.internal.TestMethodWorker.run(TestMethodWorker.java:128)
at java.base/java.util.concurrent.ThreadPoolExecutor.runWorker(ThreadPoolExecutor.java:1144)
at java.base/java.util.concurrent.ThreadPoolExecutor$Worker.run(ThreadPoolExecutor.java:642)
at java.base/java.lang.Thread.run(Thread.java:1570)
]]>
    </failure>
  </testcase> <!-- firefoxBrowser -->
  <system-out/>
  <testcase classname="com.testng.CrossBrowserTesting" name="chromeBrowser" time="74.071"/>
  <system-out/>
  <testcase classname="com.testng.CrossBrowserTesting" name="edgeBrowser" time="74.072"/>
  <system-out/>
</testsuite> <!-- com.testng.CrossBrowserTesting -->
