<?xml version="1.0" encoding="UTF-8"?>
<!-- Generated by org.testng.reporters.JUnitReportReporter -->
<testsuite hostname="LAPTOP-86UL8ARL" failures="0" tests="4" name="com.testng.DataProviderTest" time="61.234" errors="0" timestamp="2024-11-20T23:12:17 IST" skipped="0">
  <testcase classname="com.testng.DataProviderTest" name="login" time="11.395"/>
  <system-out/>
  <testcase classname="com.testng.DataProviderTest" name="login" time="12.692"/>
  <system-out/>
  <testcase classname="com.testng.DataProviderTest" name="login" time="23.813"/>
  <system-out/>
  <testcase classname="com.testng.DataProviderTest" name="login" time="13.334"/>
  <system-out/>
</testsuite> <!-- com.testng.DataProviderTest -->
