<?xml version="1.0" encoding="UTF-8"?>
<!-- Generated by org.testng.reporters.JUnitReportReporter -->
<testsuite hostname="LAPTOP-86UL8ARL" failures="0" tests="12" name="com.testng.InvocationCount" time="121.877" errors="0" timestamp="2024-11-20T23:08:02 IST" skipped="0">
  <testcase classname="com.testng.InvocationCount" name="firefoxBrowser" time="26.432"/>
  <system-out/>
  <testcase classname="com.testng.InvocationCount" name="chromeBrowser" time="10.031"/>
  <system-out/>
  <testcase classname="com.testng.InvocationCount" name="chromeBrowser" time="11.042"/>
  <system-out/>
  <testcase classname="com.testng.InvocationCount" name="chromeBrowser" time="8.705"/>
  <system-out/>
  <testcase classname="com.testng.InvocationCount" name="chromeBrowser" time="7.162"/>
  <system-out/>
  <testcase classname="com.testng.InvocationCount" name="chromeBrowser" time="7.863"/>
  <system-out/>
  <testcase classname="com.testng.InvocationCount" name="chromeBrowser" time="7.968"/>
  <system-out/>
  <testcase classname="com.testng.InvocationCount" name="chromeBrowser" time="8.229"/>
  <system-out/>
  <testcase classname="com.testng.InvocationCount" name="chromeBrowser" time="7.810"/>
  <system-out/>
  <testcase classname="com.testng.InvocationCount" name="chromeBrowser" time="9.152"/>
  <system-out/>
  <testcase classname="com.testng.InvocationCount" name="chromeBrowser" time="7.653"/>
  <system-out/>
  <testcase classname="com.testng.InvocationCount" name="edgeBrowser" time="9.830"/>
  <system-out/>
</testsuite> <!-- com.testng.InvocationCount -->
